{"level":"info","message":"\n🚀 Server running on http://localhost:5000","timestamp":"2026-05-08 23:58:46"}
{"level":"info","message":"\n📬 REST:","timestamp":"2026-05-08 23:58:46"}
{"level":"info","message":"   POST   /api/chat/dm","timestamp":"2026-05-08 23:58:46"}
{"level":"info","message":"   POST   /api/chat/groups","timestamp":"2026-05-08 23:58:46"}
{"level":"info","message":"   GET    /api/chat/conversations","timestamp":"2026-05-08 23:58:46"}
{"level":"info","message":"   GET    /api/chat/conversations/:id","timestamp":"2026-05-08 23:58:46"}
{"level":"info","message":"   GET    /api/chat/conversations/:id/messages","timestamp":"2026-05-08 23:58:46"}
{"level":"info","message":"   DELETE /api/chat/conversations/:id/messages/:messageId","timestamp":"2026-05-08 23:58:46"}
{"level":"info","message":"   GET    /api/chat/presence?userIds=id1,id2","timestamp":"2026-05-08 23:58:46"}
{"level":"info","message":"\n📡 Socket events (emit from client):","timestamp":"2026-05-08 23:58:46"}
{"level":"info","message":"   message:send  { conversationId, content, tempId }","timestamp":"2026-05-08 23:58:46"}
{"level":"info","message":"   message:read  { conversationId, messageId }","timestamp":"2026-05-08 23:58:46"}
{"level":"info","message":"   typing:start  { conversationId }","timestamp":"2026-05-08 23:58:46"}
{"level":"info","message":"   typing:stop   { conversationId }","timestamp":"2026-05-08 23:58:46"}
{"level":"info","message":"   heartbeat","timestamp":"2026-05-08 23:58:46"}
{"clientVersion":"7.8.0","code":"P2002","level":"error","message":"Boot failed: \nInvalid `prisma.user.upsert()` invocation in\nC:\\Users\\USER\\Documents\\Node Projects\\real-time-system\\src\\seed.ts:21:37\n\n  18 console.log(\"🌱 Seeding test users...\\n\");\n  19 \n  20 // Upsert so you can re-run safely\n→ 21 const alice = await prisma.user.upsert(\nUnique constraint failed on the fields: (`id`)","meta":{"driverAdapterError":{"cause":{"constraint":{"fields":["id"]},"kind":"UniqueConstraintViolation","originalCode":"23505","originalMessage":"duplicate key value violates unique constraint \"users_pkey\""},"name":"DriverAdapterError"},"modelName":"User"},"name":"PrismaClientKnownRequestError","stack":"PrismaClientKnownRequestError: \nInvalid `prisma.user.upsert()` invocation in\nC:\\Users\\USER\\Documents\\Node Projects\\real-time-system\\src\\seed.ts:21:37\n\n  18 console.log(\"🌱 Seeding test users...\\n\");\n  19 \n  20 // Upsert so you can re-run safely\n→ 21 const alice = await prisma.user.upsert(\nUnique constraint failed on the fields: (`id`)\n    at zr.handleRequestError (C:\\Users\\USER\\Documents\\Node Projects\\real-time-system\\node_modules\\@prisma\\client\\src\\runtime\\RequestHandler.ts:237:13)\n    at zr.handleAndLogRequestError (C:\\Users\\USER\\Documents\\Node Projects\\real-time-system\\node_modules\\@prisma\\client\\src\\runtime\\RequestHandler.ts:183:12)\n    at zr.request (C:\\Users\\USER\\Documents\\Node Projects\\real-time-system\\node_modules\\@prisma\\client\\src\\runtime\\RequestHandler.ts:152:12)\n    at process.processTicksAndRejections (node:internal/process/task_queues:105:5)\n    at async a (C:\\Users\\USER\\Documents\\Node Projects\\real-time-system\\node_modules\\@prisma\\client\\src\\runtime\\getPrismaClient.ts:963:24)\n    at async main (C:\\Users\\USER\\Documents\\Node Projects\\real-time-system\\src\\seed.ts:21:19)\n    at async boot (C:\\Users\\USER\\Documents\\Node Projects\\real-time-system\\src\\server.ts:29:5)","timestamp":"2026-05-09 00:22:56"}
{"level":"info","message":"\n🚀 Server running on http://localhost:5000","timestamp":"2026-05-09 00:36:28"}
{"level":"info","message":"\n📬 REST:","timestamp":"2026-05-09 00:36:28"}
{"level":"info","message":"   POST   /api/chat/dm","timestamp":"2026-05-09 00:36:28"}
{"level":"info","message":"   POST   /api/chat/groups","timestamp":"2026-05-09 00:36:28"}
{"level":"info","message":"   GET    /api/chat/conversations","timestamp":"2026-05-09 00:36:28"}
{"level":"info","message":"   GET    /api/chat/conversations/:id","timestamp":"2026-05-09 00:36:28"}
{"level":"info","message":"   GET    /api/chat/conversations/:id/messages","timestamp":"2026-05-09 00:36:28"}
{"level":"info","message":"   DELETE /api/chat/conversations/:id/messages/:messageId","timestamp":"2026-05-09 00:36:28"}
{"level":"info","message":"   GET    /api/chat/presence?userIds=id1,id2","timestamp":"2026-05-09 00:36:28"}
{"level":"info","message":"\n📡 Socket events (emit from client):","timestamp":"2026-05-09 00:36:28"}
{"level":"info","message":"   message:send  { conversationId, content, tempId }","timestamp":"2026-05-09 00:36:28"}
{"level":"info","message":"   message:read  { conversationId, messageId }","timestamp":"2026-05-09 00:36:28"}
{"level":"info","message":"   typing:start  { conversationId }","timestamp":"2026-05-09 00:36:28"}
{"level":"info","message":"   typing:stop   { conversationId }","timestamp":"2026-05-09 00:36:28"}
{"level":"info","message":"   heartbeat","timestamp":"2026-05-09 00:36:28"}
{"level":"info","message":"\n🚀 Server running on http://localhost:5000","timestamp":"2026-05-09 00:44:03"}
{"level":"info","message":"\n📬 REST:","timestamp":"2026-05-09 00:44:03"}
{"level":"info","message":"   POST   /api/chat/dm","timestamp":"2026-05-09 00:44:03"}
{"level":"info","message":"   POST   /api/chat/groups","timestamp":"2026-05-09 00:44:03"}
{"level":"info","message":"   GET    /api/chat/conversations","timestamp":"2026-05-09 00:44:03"}
{"level":"info","message":"   GET    /api/chat/conversations/:id","timestamp":"2026-05-09 00:44:03"}
{"level":"info","message":"   GET    /api/chat/conversations/:id/messages","timestamp":"2026-05-09 00:44:03"}
{"level":"info","message":"   DELETE /api/chat/conversations/:id/messages/:messageId","timestamp":"2026-05-09 00:44:03"}
{"level":"info","message":"   GET    /api/chat/presence?userIds=id1,id2","timestamp":"2026-05-09 00:44:03"}
{"level":"info","message":"\n📡 Socket events (emit from client):","timestamp":"2026-05-09 00:44:03"}
{"level":"info","message":"   message:send  { conversationId, content, tempId }","timestamp":"2026-05-09 00:44:03"}
{"level":"info","message":"   message:read  { conversationId, messageId }","timestamp":"2026-05-09 00:44:03"}
{"level":"info","message":"   typing:start  { conversationId }","timestamp":"2026-05-09 00:44:03"}
{"level":"info","message":"   typing:stop   { conversationId }","timestamp":"2026-05-09 00:44:04"}
{"level":"info","message":"   heartbeat","timestamp":"2026-05-09 00:44:04"}
{"level":"info","message":"\n🚀 Server running on http://localhost:5000","timestamp":"2026-05-09 00:45:39"}
{"level":"info","message":"\n📬 REST:","timestamp":"2026-05-09 00:45:39"}
{"level":"info","message":"   POST   /api/chat/dm","timestamp":"2026-05-09 00:45:39"}
{"level":"info","message":"   POST   /api/chat/groups","timestamp":"2026-05-09 00:45:39"}
{"level":"info","message":"   GET    /api/chat/conversations","timestamp":"2026-05-09 00:45:39"}
{"level":"info","message":"   GET    /api/chat/conversations/:id","timestamp":"2026-05-09 00:45:39"}
{"level":"info","message":"   GET    /api/chat/conversations/:id/messages","timestamp":"2026-05-09 00:45:39"}
{"level":"info","message":"   DELETE /api/chat/conversations/:id/messages/:messageId","timestamp":"2026-05-09 00:45:39"}
{"level":"info","message":"   GET    /api/chat/presence?userIds=id1,id2","timestamp":"2026-05-09 00:45:39"}
{"level":"info","message":"\n📡 Socket events (emit from client):","timestamp":"2026-05-09 00:45:39"}
{"level":"info","message":"   message:send  { conversationId, content, tempId }","timestamp":"2026-05-09 00:45:39"}
{"level":"info","message":"   message:read  { conversationId, messageId }","timestamp":"2026-05-09 00:45:39"}
{"level":"info","message":"   typing:start  { conversationId }","timestamp":"2026-05-09 00:45:39"}
{"level":"info","message":"   typing:stop   { conversationId }","timestamp":"2026-05-09 00:45:39"}
{"level":"info","message":"   heartbeat","timestamp":"2026-05-09 00:45:39"}
{"level":"info","message":"\n🚀 Server running on http://localhost:3000","timestamp":"2026-05-09 00:46:41"}
{"level":"info","message":"\n📬 REST:","timestamp":"2026-05-09 00:46:41"}
{"level":"info","message":"   POST   /api/chat/dm","timestamp":"2026-05-09 00:46:41"}
{"level":"info","message":"   POST   /api/chat/groups","timestamp":"2026-05-09 00:46:41"}
{"level":"info","message":"   GET    /api/chat/conversations","timestamp":"2026-05-09 00:46:41"}
{"level":"info","message":"   GET    /api/chat/conversations/:id","timestamp":"2026-05-09 00:46:41"}
{"level":"info","message":"   GET    /api/chat/conversations/:id/messages","timestamp":"2026-05-09 00:46:41"}
{"level":"info","message":"   DELETE /api/chat/conversations/:id/messages/:messageId","timestamp":"2026-05-09 00:46:41"}
{"level":"info","message":"   GET    /api/chat/presence?userIds=id1,id2","timestamp":"2026-05-09 00:46:41"}
{"level":"info","message":"\n📡 Socket events (emit from client):","timestamp":"2026-05-09 00:46:41"}
{"level":"info","message":"   message:send  { conversationId, content, tempId }","timestamp":"2026-05-09 00:46:41"}
{"level":"info","message":"   message:read  { conversationId, messageId }","timestamp":"2026-05-09 00:46:41"}
{"level":"info","message":"   typing:start  { conversationId }","timestamp":"2026-05-09 00:46:41"}
{"level":"info","message":"   typing:stop   { conversationId }","timestamp":"2026-05-09 00:46:41"}
{"level":"info","message":"   heartbeat","timestamp":"2026-05-09 00:46:41"}
{"isOperational":true,"level":"error","statusCode":401,"timestamp":"2026-05-09 00:47:18"}
{"isOperational":true,"level":"error","statusCode":401,"timestamp":"2026-05-09 00:47:19"}
{"isOperational":true,"level":"error","statusCode":401,"timestamp":"2026-05-09 00:47:19"}
{"isOperational":true,"level":"error","statusCode":401,"timestamp":"2026-05-09 00:47:42"}
{"isOperational":true,"level":"error","statusCode":401,"timestamp":"2026-05-09 00:47:49"}
{"isOperational":true,"level":"error","statusCode":401,"timestamp":"2026-05-09 00:47:51"}
{"code":"ECONNREFUSED","level":"error","message":"Redis error:","stack":"AggregateError [ECONNREFUSED]: \n    at internalConnectMultiple (node:net:1134:18)\n    at afterConnectMultiple (node:net:1715:7)","timestamp":"2026-05-09 17:11:07"}
{"code":"ECONNREFUSED","level":"error","message":"Redis error:","stack":"AggregateError [ECONNREFUSED]: \n    at internalConnectMultiple (node:net:1134:18)\n    at afterConnectMultiple (node:net:1715:7)","timestamp":"2026-05-09 17:11:07"}
{"code":"ECONNREFUSED","level":"error","message":"Redis error:","stack":"AggregateError [ECONNREFUSED]: \n    at internalConnectMultiple (node:net:1134:18)\n    at afterConnectMultiple (node:net:1715:7)","timestamp":"2026-05-09 17:11:07"}
{"code":"ECONNREFUSED","level":"error","message":"Redis error:","stack":"AggregateError [ECONNREFUSED]: \n    at internalConnectMultiple (node:net:1134:18)\n    at afterConnectMultiple (node:net:1715:7)","timestamp":"2026-05-09 17:11:08"}
{"code":"ECONNREFUSED","level":"error","message":"Redis error:","stack":"AggregateError [ECONNREFUSED]: \n    at internalConnectMultiple (node:net:1134:18)\n    at afterConnectMultiple (node:net:1715:7)","timestamp":"2026-05-09 17:11:08"}
{"code":"ECONNREFUSED","level":"error","message":"Redis error:","stack":"AggregateError [ECONNREFUSED]: \n    at internalConnectMultiple (node:net:1134:18)\n    at afterConnectMultiple (node:net:1715:7)","timestamp":"2026-05-09 17:11:09"}
{"code":"ECONNREFUSED","level":"error","message":"Redis error:","stack":"AggregateError [ECONNREFUSED]: \n    at internalConnectMultiple (node:net:1134:18)\n    at afterConnectMultiple (node:net:1715:7)","timestamp":"2026-05-09 17:11:11"}
{"code":"ECONNREFUSED","level":"error","message":"Redis error:","stack":"AggregateError [ECONNREFUSED]: \n    at internalConnectMultiple (node:net:1134:18)\n    at afterConnectMultiple (node:net:1715:7)","timestamp":"2026-05-09 17:11:13"}
{"code":"ECONNREFUSED","level":"error","message":"Redis error:","stack":"AggregateError [ECONNREFUSED]: \n    at internalConnectMultiple (node:net:1134:18)\n    at afterConnectMultiple (node:net:1715:7)","timestamp":"2026-05-09 17:11:15"}
{"code":"ECONNREFUSED","level":"error","message":"Redis error:","stack":"AggregateError [ECONNREFUSED]: \n    at internalConnectMultiple (node:net:1134:18)\n    at afterConnectMultiple (node:net:1715:7)","timestamp":"2026-05-09 17:11:17"}
{"code":"ECONNREFUSED","level":"error","message":"Redis error:","stack":"AggregateError [ECONNREFUSED]: \n    at internalConnectMultiple (node:net:1134:18)\n    at afterConnectMultiple (node:net:1715:7)","timestamp":"2026-05-09 17:11:19"}
{"code":"ECONNREFUSED","level":"error","message":"Redis error:","stack":"AggregateError [ECONNREFUSED]: \n    at internalConnectMultiple (node:net:1134:18)\n    at afterConnectMultiple (node:net:1715:7)","timestamp":"2026-05-09 17:11:21"}
{"code":"ECONNREFUSED","level":"error","message":"Redis error:","stack":"AggregateError [ECONNREFUSED]: \n    at internalConnectMultiple (node:net:1134:18)\n    at afterConnectMultiple (node:net:1715:7)","timestamp":"2026-05-09 17:11:23"}
{"code":"ECONNREFUSED","level":"error","message":"Redis error:","stack":"AggregateError [ECONNREFUSED]: \n    at internalConnectMultiple (node:net:1134:18)\n    at afterConnectMultiple (node:net:1715:7)","timestamp":"2026-05-09 17:11:26"}
{"code":"ECONNREFUSED","level":"error","message":"Redis error:","stack":"AggregateError [ECONNREFUSED]: \n    at internalConnectMultiple (node:net:1134:18)\n    at afterConnectMultiple (node:net:1715:7)","timestamp":"2026-05-09 17:11:28"}
{"code":"ECONNREFUSED","level":"error","message":"Redis error:","stack":"AggregateError [ECONNREFUSED]: \n    at internalConnectMultiple (node:net:1134:18)\n    at afterConnectMultiple (node:net:1715:7)","timestamp":"2026-05-09 17:11:30"}
{"code":"ECONNREFUSED","level":"error","message":"Redis error:","stack":"AggregateError [ECONNREFUSED]: \n    at internalConnectMultiple (node:net:1134:18)\n    at afterConnectMultiple (node:net:1715:7)","timestamp":"2026-05-09 17:11:32"}
{"code":"ECONNREFUSED","level":"error","message":"Redis error:","stack":"AggregateError [ECONNREFUSED]: \n    at internalConnectMultiple (node:net:1134:18)\n    at afterConnectMultiple (node:net:1715:7)","timestamp":"2026-05-09 17:11:34"}
{"code":"ECONNREFUSED","level":"error","message":"Redis error:","stack":"AggregateError [ECONNREFUSED]: \n    at internalConnectMultiple (node:net:1134:18)\n    at afterConnectMultiple (node:net:1715:7)","timestamp":"2026-05-09 17:11:36"}
{"code":"ECONNREFUSED","level":"error","message":"Redis error:","stack":"AggregateError [ECONNREFUSED]: \n    at internalConnectMultiple (node:net:1134:18)\n    at afterConnectMultiple (node:net:1715:7)","timestamp":"2026-05-09 17:11:38"}
{"code":"ECONNREFUSED","level":"error","message":"Redis error:","stack":"AggregateError [ECONNREFUSED]: \n    at internalConnectMultiple (node:net:1134:18)\n    at afterConnectMultiple (node:net:1715:7)","timestamp":"2026-05-09 17:11:40"}
{"code":"ECONNREFUSED","level":"error","message":"Redis error:","stack":"AggregateError [ECONNREFUSED]: \n    at internalConnectMultiple (node:net:1134:18)\n    at afterConnectMultiple (node:net:1715:7)","timestamp":"2026-05-09 17:11:42"}
{"code":"ECONNREFUSED","level":"error","message":"Redis error:","stack":"AggregateError [ECONNREFUSED]: \n    at internalConnectMultiple (node:net:1134:18)\n    at afterConnectMultiple (node:net:1715:7)","timestamp":"2026-05-09 17:11:44"}
{"level":"info","message":"\n🚀 Server running on http://localhost:3000","timestamp":"2026-05-09 17:11:46"}
{"level":"info","message":"\n📬 REST:","timestamp":"2026-05-09 17:11:46"}
{"level":"info","message":"   POST   /api/chat/dm","timestamp":"2026-05-09 17:11:46"}
{"level":"info","message":"   POST   /api/chat/groups","timestamp":"2026-05-09 17:11:46"}
{"level":"info","message":"   GET    /api/chat/conversations","timestamp":"2026-05-09 17:11:46"}
{"level":"info","message":"   GET    /api/chat/conversations/:id","timestamp":"2026-05-09 17:11:46"}
{"level":"info","message":"   GET    /api/chat/conversations/:id/messages","timestamp":"2026-05-09 17:11:46"}
{"level":"info","message":"   DELETE /api/chat/conversations/:id/messages/:messageId","timestamp":"2026-05-09 17:11:46"}
{"level":"info","message":"   GET    /api/chat/presence?userIds=id1,id2","timestamp":"2026-05-09 17:11:46"}
{"level":"info","message":"\n📡 Socket events (emit from client):","timestamp":"2026-05-09 17:11:46"}
{"level":"info","message":"   message:send  { conversationId, content, tempId }","timestamp":"2026-05-09 17:11:46"}
{"level":"info","message":"   message:read  { conversationId, messageId }","timestamp":"2026-05-09 17:11:46"}
{"level":"info","message":"   typing:start  { conversationId }","timestamp":"2026-05-09 17:11:46"}
{"level":"info","message":"   typing:stop   { conversationId }","timestamp":"2026-05-09 17:11:46"}
{"level":"info","message":"   heartbeat","timestamp":"2026-05-09 17:11:46"}
{"isOperational":true,"level":"error","statusCode":401,"timestamp":"2026-05-09 17:15:49"}
{"isOperational":true,"level":"error","statusCode":401,"timestamp":"2026-05-09 17:15:50"}
{"isOperational":true,"level":"error","statusCode":401,"timestamp":"2026-05-09 17:15:50"}
{"isOperational":true,"level":"error","statusCode":401,"timestamp":"2026-05-09 17:15:50"}
{"isOperational":true,"level":"error","statusCode":401,"timestamp":"2026-05-09 17:15:50"}
{"isOperational":true,"level":"error","statusCode":401,"timestamp":"2026-05-09 17:15:50"}
{"isOperational":true,"level":"error","statusCode":401,"timestamp":"2026-05-09 17:15:50"}
{"level":"info","message":"\n🚀 Server running on http://localhost:3000","timestamp":"2026-05-09 17:17:24"}
{"level":"info","message":"\n📬 REST:","timestamp":"2026-05-09 17:17:24"}
{"level":"info","message":"   POST   /api/chat/dm","timestamp":"2026-05-09 17:17:24"}
{"level":"info","message":"   POST   /api/chat/groups","timestamp":"2026-05-09 17:17:24"}
{"level":"info","message":"   GET    /api/chat/conversations","timestamp":"2026-05-09 17:17:24"}
{"level":"info","message":"   GET    /api/chat/conversations/:id","timestamp":"2026-05-09 17:17:24"}
{"level":"info","message":"   GET    /api/chat/conversations/:id/messages","timestamp":"2026-05-09 17:17:24"}
{"level":"info","message":"   DELETE /api/chat/conversations/:id/messages/:messageId","timestamp":"2026-05-09 17:17:24"}
{"level":"info","message":"   GET    /api/chat/presence?userIds=id1,id2","timestamp":"2026-05-09 17:17:24"}
{"level":"info","message":"\n📡 Socket events (emit from client):","timestamp":"2026-05-09 17:17:24"}
{"level":"info","message":"   message:send  { conversationId, content, tempId }","timestamp":"2026-05-09 17:17:24"}
{"level":"info","message":"   message:read  { conversationId, messageId }","timestamp":"2026-05-09 17:17:24"}
{"level":"info","message":"   typing:start  { conversationId }","timestamp":"2026-05-09 17:17:24"}
{"level":"info","message":"   typing:stop   { conversationId }","timestamp":"2026-05-09 17:17:24"}
{"level":"info","message":"   heartbeat","timestamp":"2026-05-09 17:17:24"}
{"level":"info","message":"\n🚀 Server running on http://localhost:3000","timestamp":"2026-05-09 17:19:00"}
{"level":"info","message":"\n📬 REST:","timestamp":"2026-05-09 17:19:00"}
{"level":"info","message":"   POST   /api/chat/dm","timestamp":"2026-05-09 17:19:00"}
{"level":"info","message":"   POST   /api/chat/groups","timestamp":"2026-05-09 17:19:00"}
{"level":"info","message":"   GET    /api/chat/conversations","timestamp":"2026-05-09 17:19:00"}
{"level":"info","message":"   GET    /api/chat/conversations/:id","timestamp":"2026-05-09 17:19:00"}
{"level":"info","message":"   GET    /api/chat/conversations/:id/messages","timestamp":"2026-05-09 17:19:00"}
{"level":"info","message":"   DELETE /api/chat/conversations/:id/messages/:messageId","timestamp":"2026-05-09 17:19:00"}
{"level":"info","message":"   GET    /api/chat/presence?userIds=id1,id2","timestamp":"2026-05-09 17:19:00"}
{"level":"info","message":"\n📡 Socket events (emit from client):","timestamp":"2026-05-09 17:19:00"}
{"level":"info","message":"   message:send  { conversationId, content, tempId }","timestamp":"2026-05-09 17:19:00"}
{"level":"info","message":"   message:read  { conversationId, messageId }","timestamp":"2026-05-09 17:19:00"}
{"level":"info","message":"   typing:start  { conversationId }","timestamp":"2026-05-09 17:19:00"}
{"level":"info","message":"   typing:stop   { conversationId }","timestamp":"2026-05-09 17:19:00"}
{"level":"info","message":"   heartbeat","timestamp":"2026-05-09 17:19:00"}
{"level":"info","message":"\n🚀 Server running on http://localhost:3000","timestamp":"2026-05-09 17:19:12"}
{"level":"info","message":"\n📬 REST:","timestamp":"2026-05-09 17:19:12"}
{"level":"info","message":"   POST   /api/chat/dm","timestamp":"2026-05-09 17:19:12"}
{"level":"info","message":"   POST   /api/chat/groups","timestamp":"2026-05-09 17:19:12"}
{"level":"info","message":"   GET    /api/chat/conversations","timestamp":"2026-05-09 17:19:12"}
{"level":"info","message":"   GET    /api/chat/conversations/:id","timestamp":"2026-05-09 17:19:12"}
{"level":"info","message":"   GET    /api/chat/conversations/:id/messages","timestamp":"2026-05-09 17:19:12"}
{"level":"info","message":"   DELETE /api/chat/conversations/:id/messages/:messageId","timestamp":"2026-05-09 17:19:12"}
{"level":"info","message":"   GET    /api/chat/presence?userIds=id1,id2","timestamp":"2026-05-09 17:19:12"}
{"level":"info","message":"\n📡 Socket events (emit from client):","timestamp":"2026-05-09 17:19:12"}
{"level":"info","message":"   message:send  { conversationId, content, tempId }","timestamp":"2026-05-09 17:19:12"}
{"level":"info","message":"   message:read  { conversationId, messageId }","timestamp":"2026-05-09 17:19:12"}
{"level":"info","message":"   typing:start  { conversationId }","timestamp":"2026-05-09 17:19:12"}
{"level":"info","message":"   typing:stop   { conversationId }","timestamp":"2026-05-09 17:19:12"}
{"level":"info","message":"   heartbeat","timestamp":"2026-05-09 17:19:12"}
{"level":"info","message":"\n🚀 Server running on http://localhost:3000","timestamp":"2026-05-09 17:21:13"}
{"level":"info","message":"\n📬 REST:","timestamp":"2026-05-09 17:21:13"}
{"level":"info","message":"   POST   /api/chat/dm","timestamp":"2026-05-09 17:21:13"}
{"level":"info","message":"   POST   /api/chat/groups","timestamp":"2026-05-09 17:21:13"}
{"level":"info","message":"   GET    /api/chat/conversations","timestamp":"2026-05-09 17:21:13"}
{"level":"info","message":"   GET    /api/chat/conversations/:id","timestamp":"2026-05-09 17:21:13"}
{"level":"info","message":"   GET    /api/chat/conversations/:id/messages","timestamp":"2026-05-09 17:21:13"}
{"level":"info","message":"   DELETE /api/chat/conversations/:id/messages/:messageId","timestamp":"2026-05-09 17:21:13"}
{"level":"info","message":"   GET    /api/chat/presence?userIds=id1,id2","timestamp":"2026-05-09 17:21:13"}
{"level":"info","message":"\n📡 Socket events (emit from client):","timestamp":"2026-05-09 17:21:13"}
{"level":"info","message":"   message:send  { conversationId, content, tempId }","timestamp":"2026-05-09 17:21:13"}
{"level":"info","message":"   message:read  { conversationId, messageId }","timestamp":"2026-05-09 17:21:13"}
{"level":"info","message":"   typing:start  { conversationId }","timestamp":"2026-05-09 17:21:13"}
{"level":"info","message":"   typing:stop   { conversationId }","timestamp":"2026-05-09 17:21:13"}
{"level":"info","message":"   heartbeat","timestamp":"2026-05-09 17:21:13"}
{"level":"info","message":"\n🚀 Server running on http://localhost:3000","timestamp":"2026-05-09 17:27:51"}
{"level":"info","message":"\n📬 REST:","timestamp":"2026-05-09 17:27:51"}
{"level":"info","message":"   POST   /api/chat/dm","timestamp":"2026-05-09 17:27:51"}
{"level":"info","message":"   POST   /api/chat/groups","timestamp":"2026-05-09 17:27:51"}
{"level":"info","message":"   GET    /api/chat/conversations","timestamp":"2026-05-09 17:27:51"}
{"level":"info","message":"   GET    /api/chat/conversations/:id","timestamp":"2026-05-09 17:27:51"}
{"level":"info","message":"   GET    /api/chat/conversations/:id/messages","timestamp":"2026-05-09 17:27:51"}
{"level":"info","message":"   DELETE /api/chat/conversations/:id/messages/:messageId","timestamp":"2026-05-09 17:27:51"}
{"level":"info","message":"   GET    /api/chat/presence?userIds=id1,id2","timestamp":"2026-05-09 17:27:51"}
{"level":"info","message":"\n📡 Socket events (emit from client):","timestamp":"2026-05-09 17:27:51"}
{"level":"info","message":"   message:send  { conversationId, content, tempId }","timestamp":"2026-05-09 17:27:51"}
{"level":"info","message":"   message:read  { conversationId, messageId }","timestamp":"2026-05-09 17:27:51"}
{"level":"info","message":"   typing:start  { conversationId }","timestamp":"2026-05-09 17:27:51"}
{"level":"info","message":"   typing:stop   { conversationId }","timestamp":"2026-05-09 17:27:51"}
{"level":"info","message":"   heartbeat","timestamp":"2026-05-09 17:27:51"}
{"level":"info","message":"\n🚀 Server running on http://localhost:3000","timestamp":"2026-05-09 17:41:10"}
{"level":"info","message":"\n📬 REST:","timestamp":"2026-05-09 17:41:10"}
{"level":"info","message":"   POST   /api/chat/dm","timestamp":"2026-05-09 17:41:10"}
{"level":"info","message":"   POST   /api/chat/groups","timestamp":"2026-05-09 17:41:10"}
{"level":"info","message":"   GET    /api/chat/conversations","timestamp":"2026-05-09 17:41:10"}
{"level":"info","message":"   GET    /api/chat/conversations/:id","timestamp":"2026-05-09 17:41:10"}
{"level":"info","message":"   GET    /api/chat/conversations/:id/messages","timestamp":"2026-05-09 17:41:10"}
{"level":"info","message":"   DELETE /api/chat/conversations/:id/messages/:messageId","timestamp":"2026-05-09 17:41:10"}
{"level":"info","message":"   GET    /api/chat/presence?userIds=id1,id2","timestamp":"2026-05-09 17:41:10"}
{"level":"info","message":"\n📡 Socket events (emit from client):","timestamp":"2026-05-09 17:41:10"}
{"level":"info","message":"   message:send  { conversationId, content, tempId }","timestamp":"2026-05-09 17:41:10"}
{"level":"info","message":"   message:read  { conversationId, messageId }","timestamp":"2026-05-09 17:41:10"}
{"level":"info","message":"   typing:start  { conversationId }","timestamp":"2026-05-09 17:41:10"}
{"level":"info","message":"   typing:stop   { conversationId }","timestamp":"2026-05-09 17:41:10"}
{"level":"info","message":"   heartbeat","timestamp":"2026-05-09 17:41:10"}
{"level":"info","message":"\n🚀 Server running on http://localhost:3000","timestamp":"2026-05-09 17:43:52"}
{"level":"info","message":"\n📬 REST:","timestamp":"2026-05-09 17:43:52"}
{"level":"info","message":"   POST   /api/chat/dm","timestamp":"2026-05-09 17:43:52"}
{"level":"info","message":"   POST   /api/chat/groups","timestamp":"2026-05-09 17:43:52"}
{"level":"info","message":"   GET    /api/chat/conversations","timestamp":"2026-05-09 17:43:52"}
{"level":"info","message":"   GET    /api/chat/conversations/:id","timestamp":"2026-05-09 17:43:52"}
{"level":"info","message":"   GET    /api/chat/conversations/:id/messages","timestamp":"2026-05-09 17:43:52"}
{"level":"info","message":"   DELETE /api/chat/conversations/:id/messages/:messageId","timestamp":"2026-05-09 17:43:52"}
{"level":"info","message":"   GET    /api/chat/presence?userIds=id1,id2","timestamp":"2026-05-09 17:43:52"}
{"level":"info","message":"\n📡 Socket events (emit from client):","timestamp":"2026-05-09 17:43:52"}
{"level":"info","message":"   message:send  { conversationId, content, tempId }","timestamp":"2026-05-09 17:43:52"}
{"level":"info","message":"   message:read  { conversationId, messageId }","timestamp":"2026-05-09 17:43:52"}
{"level":"info","message":"   typing:start  { conversationId }","timestamp":"2026-05-09 17:43:52"}
{"level":"info","message":"   typing:stop   { conversationId }","timestamp":"2026-05-09 17:43:52"}
{"level":"info","message":"   heartbeat","timestamp":"2026-05-09 17:43:52"}
{"level":"info","message":"\n🚀 Server running on http://localhost:3000","timestamp":"2026-05-09 18:04:00"}
{"level":"info","message":"\n📬 REST:","timestamp":"2026-05-09 18:04:00"}
{"level":"info","message":"   POST   /api/chat/dm","timestamp":"2026-05-09 18:04:00"}
{"level":"info","message":"   POST   /api/chat/groups","timestamp":"2026-05-09 18:04:00"}
{"level":"info","message":"   GET    /api/chat/conversations","timestamp":"2026-05-09 18:04:00"}
{"level":"info","message":"   GET    /api/chat/conversations/:id","timestamp":"2026-05-09 18:04:00"}
{"level":"info","message":"   GET    /api/chat/conversations/:id/messages","timestamp":"2026-05-09 18:04:00"}
{"level":"info","message":"   DELETE /api/chat/conversations/:id/messages/:messageId","timestamp":"2026-05-09 18:04:00"}
{"level":"info","message":"   GET    /api/chat/presence?userIds=id1,id2","timestamp":"2026-05-09 18:04:00"}
{"level":"info","message":"\n📡 Socket events (emit from client):","timestamp":"2026-05-09 18:04:00"}
{"level":"info","message":"   message:send  { conversationId, content, tempId }","timestamp":"2026-05-09 18:04:00"}
{"level":"info","message":"   message:read  { conversationId, messageId }","timestamp":"2026-05-09 18:04:00"}
{"level":"info","message":"   typing:start  { conversationId }","timestamp":"2026-05-09 18:04:00"}
{"level":"info","message":"   typing:stop   { conversationId }","timestamp":"2026-05-09 18:04:00"}
{"level":"info","message":"   heartbeat","timestamp":"2026-05-09 18:04:00"}
{"level":"info","message":"\n🚀 Server running on http://localhost:3000","timestamp":"2026-05-09 18:43:19"}
{"level":"info","message":"\n📬 REST:","timestamp":"2026-05-09 18:43:19"}
{"level":"info","message":"   POST   /api/chat/dm","timestamp":"2026-05-09 18:43:19"}
{"level":"info","message":"   POST   /api/chat/groups","timestamp":"2026-05-09 18:43:19"}
{"level":"info","message":"   GET    /api/chat/conversations","timestamp":"2026-05-09 18:43:19"}
{"level":"info","message":"   GET    /api/chat/conversations/:id","timestamp":"2026-05-09 18:43:19"}
{"level":"info","message":"   GET    /api/chat/conversations/:id/messages","timestamp":"2026-05-09 18:43:19"}
{"level":"info","message":"   DELETE /api/chat/conversations/:id/messages/:messageId","timestamp":"2026-05-09 18:43:19"}
{"level":"info","message":"   GET    /api/chat/presence?userIds=id1,id2","timestamp":"2026-05-09 18:43:19"}
{"level":"info","message":"\n📡 Socket events (emit from client):","timestamp":"2026-05-09 18:43:19"}
{"level":"info","message":"   message:send  { conversationId, content, tempId }","timestamp":"2026-05-09 18:43:19"}
{"level":"info","message":"   message:read  { conversationId, messageId }","timestamp":"2026-05-09 18:43:19"}
{"level":"info","message":"   typing:start  { conversationId }","timestamp":"2026-05-09 18:43:19"}
{"level":"info","message":"   typing:stop   { conversationId }","timestamp":"2026-05-09 18:43:19"}
{"level":"info","message":"   heartbeat","timestamp":"2026-05-09 18:43:19"}
{"level":"error","message":"Redis error: Connection timeout","stack":"Error: Connection timeout\n    at Socket.onTimeout (C:\\Users\\USER\\Documents\\Node Projects\\real-time-system\\node_modules\\@redis\\client\\lib\\client\\socket.ts:298:40)\n    at Object.onceWrapper (node:events:621:28)\n    at Socket.emit (node:events:507:28)\n    at Socket._onTimeout (node:net:604:8)\n    at listOnTimeout (node:internal/timers:608:17)\n    at process.processTimers (node:internal/timers:543:7)","timestamp":"2026-05-15 08:28:18"}
{"code":"ECONNREFUSED","level":"error","message":"Redis error:","stack":"AggregateError [ECONNREFUSED]: \n    at internalConnectMultiple (node:net:1134:18)\n    at afterConnectMultiple (node:net:1715:7)","timestamp":"2026-05-15 08:28:19"}
{"code":"ECONNREFUSED","level":"error","message":"Redis error:","stack":"AggregateError [ECONNREFUSED]: \n    at internalConnectMultiple (node:net:1134:18)\n    at afterConnectMultiple (node:net:1715:7)","timestamp":"2026-05-15 08:28:19"}
{"code":"ECONNREFUSED","level":"error","message":"Redis error:","stack":"AggregateError [ECONNREFUSED]: \n    at internalConnectMultiple (node:net:1134:18)\n    at afterConnectMultiple (node:net:1715:7)","timestamp":"2026-05-15 08:28:19"}
{"code":"ECONNREFUSED","level":"error","message":"Redis error:","stack":"AggregateError [ECONNREFUSED]: \n    at internalConnectMultiple (node:net:1134:18)\n    at afterConnectMultiple (node:net:1715:7)","timestamp":"2026-05-15 08:28:20"}
{"code":"ECONNREFUSED","level":"error","message":"Redis error:","stack":"AggregateError [ECONNREFUSED]: \n    at internalConnectMultiple (node:net:1134:18)\n    at afterConnectMultiple (node:net:1715:7)","timestamp":"2026-05-15 08:28:21"}
{"code":"ECONNREFUSED","level":"error","message":"Redis error:","stack":"AggregateError [ECONNREFUSED]: \n    at internalConnectMultiple (node:net:1134:18)\n    at afterConnectMultiple (node:net:1715:7)","timestamp":"2026-05-15 08:28:22"}
{"code":"ECONNREFUSED","level":"error","message":"Redis error:","stack":"AggregateError [ECONNREFUSED]: \n    at internalConnectMultiple (node:net:1134:18)\n    at afterConnectMultiple (node:net:1715:7)","timestamp":"2026-05-15 08:28:24"}
{"code":"ECONNREFUSED","level":"error","message":"Redis error:","stack":"AggregateError [ECONNREFUSED]: \n    at internalConnectMultiple (node:net:1134:18)\n    at afterConnectMultiple (node:net:1715:7)","timestamp":"2026-05-15 08:28:27"}
{"code":"ECONNREFUSED","level":"error","message":"Redis error:","stack":"AggregateError [ECONNREFUSED]: \n    at internalConnectMultiple (node:net:1134:18)\n    at afterConnectMultiple (node:net:1715:7)","timestamp":"2026-05-15 08:28:29"}
{"code":"ECONNREFUSED","level":"error","message":"Redis error:","stack":"AggregateError [ECONNREFUSED]: \n    at internalConnectMultiple (node:net:1134:18)\n    at afterConnectMultiple (node:net:1715:7)","timestamp":"2026-05-15 08:28:31"}
{"code":"ECONNREFUSED","level":"error","message":"Redis error:","stack":"AggregateError [ECONNREFUSED]: \n    at internalConnectMultiple (node:net:1134:18)\n    at afterConnectMultiple (node:net:1715:7)","timestamp":"2026-05-15 08:28:33"}
{"code":"ECONNREFUSED","level":"error","message":"Redis error:","stack":"AggregateError [ECONNREFUSED]: \n    at internalConnectMultiple (node:net:1134:18)\n    at afterConnectMultiple (node:net:1715:7)","timestamp":"2026-05-15 08:28:35"}
{"code":"ECONNREFUSED","level":"error","message":"Redis error:","stack":"AggregateError [ECONNREFUSED]: \n    at internalConnectMultiple (node:net:1134:18)\n    at afterConnectMultiple (node:net:1715:7)","timestamp":"2026-05-15 08:28:37"}
{"code":"ECONNREFUSED","level":"error","message":"Redis error:","stack":"AggregateError [ECONNREFUSED]: \n    at internalConnectMultiple (node:net:1134:18)\n    at afterConnectMultiple (node:net:1715:7)","timestamp":"2026-05-15 08:28:39"}
{"code":"ECONNREFUSED","level":"error","message":"Redis error:","stack":"AggregateError [ECONNREFUSED]: \n    at internalConnectMultiple (node:net:1134:18)\n    at afterConnectMultiple (node:net:1715:7)","timestamp":"2026-05-15 08:28:42"}
{"code":"ECONNREFUSED","level":"error","message":"Redis error:","stack":"AggregateError [ECONNREFUSED]: \n    at internalConnectMultiple (node:net:1134:18)\n    at afterConnectMultiple (node:net:1715:7)","timestamp":"2026-05-15 08:28:44"}
{"code":"ECONNREFUSED","level":"error","message":"Redis error:","stack":"AggregateError [ECONNREFUSED]: \n    at internalConnectMultiple (node:net:1134:18)\n    at afterConnectMultiple (node:net:1715:7)","timestamp":"2026-05-15 08:28:46"}
{"code":"ECONNREFUSED","level":"error","message":"Redis error:","stack":"AggregateError [ECONNREFUSED]: \n    at internalConnectMultiple (node:net:1134:18)\n    at afterConnectMultiple (node:net:1715:7)","timestamp":"2026-05-15 08:28:48"}
{"code":"ECONNREFUSED","level":"error","message":"Redis error:","stack":"AggregateError [ECONNREFUSED]: \n    at internalConnectMultiple (node:net:1134:18)\n    at afterConnectMultiple (node:net:1715:7)","timestamp":"2026-05-15 08:28:50"}
{"code":"ECONNREFUSED","level":"error","message":"Redis error:","stack":"AggregateError [ECONNREFUSED]: \n    at internalConnectMultiple (node:net:1134:18)\n    at afterConnectMultiple (node:net:1715:7)","timestamp":"2026-05-15 08:28:52"}
{"code":"ECONNREFUSED","level":"error","message":"Redis error:","stack":"AggregateError [ECONNREFUSED]: \n    at internalConnectMultiple (node:net:1134:18)\n    at afterConnectMultiple (node:net:1715:7)","timestamp":"2026-05-15 08:28:54"}
{"code":"ECONNREFUSED","level":"error","message":"Redis error:","stack":"AggregateError [ECONNREFUSED]: \n    at internalConnectMultiple (node:net:1134:18)\n    at afterConnectMultiple (node:net:1715:7)","timestamp":"2026-05-15 08:28:56"}
{"code":"ECONNREFUSED","level":"error","message":"Redis error:","stack":"AggregateError [ECONNREFUSED]: \n    at internalConnectMultiple (node:net:1134:18)\n    at afterConnectMultiple (node:net:1715:7)","timestamp":"2026-05-15 08:28:58"}
{"code":"ECONNREFUSED","level":"error","message":"Redis error:","stack":"AggregateError [ECONNREFUSED]: \n    at internalConnectMultiple (node:net:1134:18)\n    at afterConnectMultiple (node:net:1715:7)","timestamp":"2026-05-15 08:29:00"}
{"code":"ECONNREFUSED","level":"error","message":"Redis error:","stack":"AggregateError [ECONNREFUSED]: \n    at internalConnectMultiple (node:net:1134:18)\n    at afterConnectMultiple (node:net:1715:7)","timestamp":"2026-05-15 08:29:02"}
{"code":"ECONNREFUSED","level":"error","message":"Redis error:","stack":"AggregateError [ECONNREFUSED]: \n    at internalConnectMultiple (node:net:1134:18)\n    at afterConnectMultiple (node:net:1715:7)","timestamp":"2026-05-15 08:29:04"}
{"code":"ECONNREFUSED","level":"error","message":"Redis error:","stack":"AggregateError [ECONNREFUSED]: \n    at internalConnectMultiple (node:net:1134:18)\n    at afterConnectMultiple (node:net:1715:7)","timestamp":"2026-05-15 08:29:06"}
{"code":"ECONNREFUSED","level":"error","message":"Redis error:","stack":"AggregateError [ECONNREFUSED]: \n    at internalConnectMultiple (node:net:1134:18)\n    at afterConnectMultiple (node:net:1715:7)","timestamp":"2026-05-15 08:29:09"}
{"code":"ECONNREFUSED","level":"error","message":"Redis error:","stack":"AggregateError [ECONNREFUSED]: \n    at internalConnectMultiple (node:net:1134:18)\n    at afterConnectMultiple (node:net:1715:7)","timestamp":"2026-05-15 08:29:11"}
{"code":"ECONNREFUSED","level":"error","message":"Redis error:","stack":"AggregateError [ECONNREFUSED]: \n    at internalConnectMultiple (node:net:1134:18)\n    at afterConnectMultiple (node:net:1715:7)","timestamp":"2026-05-15 08:29:13"}
{"code":"ECONNREFUSED","level":"error","message":"Redis error:","stack":"AggregateError [ECONNREFUSED]: \n    at internalConnectMultiple (node:net:1134:18)\n    at afterConnectMultiple (node:net:1715:7)","timestamp":"2026-05-15 08:29:15"}
{"code":"ECONNREFUSED","level":"error","message":"Redis error:","stack":"AggregateError [ECONNREFUSED]: \n    at internalConnectMultiple (node:net:1134:18)\n    at afterConnectMultiple (node:net:1715:7)","timestamp":"2026-05-15 08:29:17"}
{"code":"ECONNREFUSED","level":"error","message":"Redis error:","stack":"AggregateError [ECONNREFUSED]: \n    at internalConnectMultiple (node:net:1134:18)\n    at afterConnectMultiple (node:net:1715:7)","timestamp":"2026-05-15 08:29:19"}
{"code":"ECONNREFUSED","level":"error","message":"Redis error:","stack":"AggregateError [ECONNREFUSED]: \n    at internalConnectMultiple (node:net:1134:18)\n    at afterConnectMultiple (node:net:1715:7)","timestamp":"2026-05-15 08:29:21"}
{"code":"ECONNREFUSED","level":"error","message":"Redis error:","stack":"AggregateError [ECONNREFUSED]: \n    at internalConnectMultiple (node:net:1134:18)\n    at afterConnectMultiple (node:net:1715:7)","timestamp":"2026-05-15 08:29:23"}
{"code":"ECONNREFUSED","level":"error","message":"Redis error:","stack":"AggregateError [ECONNREFUSED]: \n    at internalConnectMultiple (node:net:1134:18)\n    at afterConnectMultiple (node:net:1715:7)","timestamp":"2026-05-15 08:29:25"}
{"code":"ECONNREFUSED","level":"error","message":"Redis error:","stack":"AggregateError [ECONNREFUSED]: \n    at internalConnectMultiple (node:net:1134:18)\n    at afterConnectMultiple (node:net:1715:7)","timestamp":"2026-05-15 08:29:28"}
{"code":"ECONNREFUSED","level":"error","message":"Redis error:","stack":"AggregateError [ECONNREFUSED]: \n    at internalConnectMultiple (node:net:1134:18)\n    at afterConnectMultiple (node:net:1715:7)","timestamp":"2026-05-15 08:29:30"}
{"code":"ECONNREFUSED","level":"error","message":"Redis error:","stack":"AggregateError [ECONNREFUSED]: \n    at internalConnectMultiple (node:net:1134:18)\n    at afterConnectMultiple (node:net:1715:7)","timestamp":"2026-05-15 08:29:32"}
{"code":"ECONNREFUSED","level":"error","message":"Redis error:","stack":"AggregateError [ECONNREFUSED]: \n    at internalConnectMultiple (node:net:1134:18)\n    at afterConnectMultiple (node:net:1715:7)","timestamp":"2026-05-15 08:29:34"}
{"code":"ECONNREFUSED","level":"error","message":"Redis error:","stack":"AggregateError [ECONNREFUSED]: \n    at internalConnectMultiple (node:net:1134:18)\n    at afterConnectMultiple (node:net:1715:7)","timestamp":"2026-05-15 08:29:36"}
{"code":"ECONNREFUSED","level":"error","message":"Redis error:","stack":"AggregateError [ECONNREFUSED]: \n    at internalConnectMultiple (node:net:1134:18)\n    at afterConnectMultiple (node:net:1715:7)","timestamp":"2026-05-15 08:29:38"}
{"code":"ECONNREFUSED","level":"error","message":"Redis error:","stack":"AggregateError [ECONNREFUSED]: \n    at internalConnectMultiple (node:net:1134:18)\n    at afterConnectMultiple (node:net:1715:7)","timestamp":"2026-05-15 08:29:40"}
{"code":"ECONNREFUSED","level":"error","message":"Redis error:","stack":"AggregateError [ECONNREFUSED]: \n    at internalConnectMultiple (node:net:1134:18)\n    at afterConnectMultiple (node:net:1715:7)","timestamp":"2026-05-15 08:29:42"}
{"code":"ECONNREFUSED","level":"error","message":"Redis error:","stack":"AggregateError [ECONNREFUSED]: \n    at internalConnectMultiple (node:net:1134:18)\n    at afterConnectMultiple (node:net:1715:7)","timestamp":"2026-05-15 08:29:45"}
{"code":"ECONNREFUSED","level":"error","message":"Redis error:","stack":"AggregateError [ECONNREFUSED]: \n    at internalConnectMultiple (node:net:1134:18)\n    at afterConnectMultiple (node:net:1715:7)","timestamp":"2026-05-15 08:29:47"}
{"code":"ECONNREFUSED","level":"error","message":"Redis error:","stack":"AggregateError [ECONNREFUSED]: \n    at internalConnectMultiple (node:net:1134:18)\n    at afterConnectMultiple (node:net:1715:7)","timestamp":"2026-05-15 08:29:49"}
{"code":"ECONNREFUSED","level":"error","message":"Redis error:","stack":"AggregateError [ECONNREFUSED]: \n    at internalConnectMultiple (node:net:1134:18)\n    at afterConnectMultiple (node:net:1715:7)","timestamp":"2026-05-15 08:29:52"}
{"code":"ECONNREFUSED","level":"error","message":"Redis error:","stack":"AggregateError [ECONNREFUSED]: \n    at internalConnectMultiple (node:net:1134:18)\n    at afterConnectMultiple (node:net:1715:7)","timestamp":"2026-05-15 08:29:54"}
{"code":"ECONNREFUSED","level":"error","message":"Redis error:","stack":"AggregateError [ECONNREFUSED]: \n    at internalConnectMultiple (node:net:1134:18)\n    at afterConnectMultiple (node:net:1715:7)","timestamp":"2026-05-15 08:29:56"}
{"code":"ECONNREFUSED","level":"error","message":"Redis error:","stack":"AggregateError [ECONNREFUSED]: \n    at internalConnectMultiple (node:net:1134:18)\n    at afterConnectMultiple (node:net:1715:7)","timestamp":"2026-05-15 08:29:58"}
{"code":"ECONNREFUSED","level":"error","message":"Redis error:","stack":"AggregateError [ECONNREFUSED]: \n    at internalConnectMultiple (node:net:1134:18)\n    at afterConnectMultiple (node:net:1715:7)","timestamp":"2026-05-15 08:30:00"}
{"code":"ECONNREFUSED","level":"error","message":"Redis error:","stack":"AggregateError [ECONNREFUSED]: \n    at internalConnectMultiple (node:net:1134:18)\n    at afterConnectMultiple (node:net:1715:7)","timestamp":"2026-05-15 08:30:03"}
